<?xml version="1.0" encoding="UTF-8"?>
<!-- Generated by org.testng.reporters.JUnitReportReporter -->
<testsuite hostname="DESKTOP-K4N0KLF" failures="0" tests="1" name="com.example.runner.CucumberRunnerTests" time="2.767" errors="0" timestamp="2024-05-27T21:44:27 IST" skipped="0">
  <testcase classname="com.example.runner.CucumberRunnerTests" name="runScenario" time="2.767"/>
</testsuite> <!-- com.example.runner.CucumberRunnerTests -->
